<?xml version="1.0" encoding="UTF-8"?>
<!-- Generated by org.testng.reporters.JUnitXMLReporter -->
<testsuite ignored="0" hostname="Mds-MacBook-Pro.local" failures="0" tests="5" name="Functional Login Tests" time="3.911" errors="0" timestamp="2026-07-04T12:55:39 GMT+06:00">
  <testcase classname="qaproject.tests.LoginTest" name="checkLoginPageTitle" time="3.159"/>
  <testcase classname="qaproject.tests.LoginTest" name="logintest" time="0.282"/>
  <testcase classname="qaproject.tests.SelectItemsForCheckoutTest" name="checkItemsSelectionPageLanding" time="0.192"/>
  <testcase classname="qaproject.tests.CartCheckoutTest" name="checkCartPageLanding" time="0.007"/>
  <testcase classname="qaproject.tests.CartCheckoutTest" name="cartcheckoutTest" time="0.235"/>
</testsuite> <!-- Functional Login Tests -->
