<?xml version="1.0" encoding="UTF-8"?>
<!-- Generated by org.testng.reporters.JUnitXMLReporter -->
<testsuite ignored="0" hostname="Mds-MacBook-Pro.local" failures="0" tests="5" name="Functional Login Tests" time="4.773" errors="0" timestamp="2026-07-03T20:57:40 GMT+06:00">
  <testcase classname="qaproject.tests.LoginTest" name="checkLoginPageTitle" time="3.812"/>
  <testcase classname="qaproject.tests.LoginTest" name="logintest" time="0.417"/>
  <testcase classname="qaproject.tests.SelectItemsForCheckoutTest" name="checkItemsSelectionPageLanding" time="0.123"/>
  <testcase classname="qaproject.tests.CartCheckoutTest" name="checkCartPageLanding" time="0.013"/>
  <testcase classname="qaproject.tests.CartCheckoutTest" name="cartcheckoutTest" time="0.374"/>
</testsuite> <!-- Functional Login Tests -->
