<?xml version="1.0" encoding="UTF-8"?>
<testng-results ignored="0" total="6" passed="6" failed="0" skipped="0">
  <reporter-output>
  </reporter-output>
  <suite started-at="2026-07-03T20:13:28 GMT+06:00" name="Test Suite" finished-at="2026-07-03T20:13:34 GMT+06:00" duration-ms="5672">
    <groups>
    </groups>
    <test started-at="2026-07-03T20:13:28 GMT+06:00" name="Functional Login Tests" finished-at="2026-07-03T20:13:34 GMT+06:00" duration-ms="5672">
      <class name="qaproject.tests.LoginTest">
        <test-method signature="checkLoginPageTitle()[pri:0, instance:qaproject.tests.LoginTest@441772e]" started-at="2026-07-03T20:13:28 GMT+06:00" name="checkLoginPageTitle" finished-at="2026-07-03T20:13:32 GMT+06:00" duration-ms="3506" status="PASS">
          <reporter-output>
          </reporter-output>
        </test-method> <!-- checkLoginPageTitle -->
        <test-method signature="logintest()[pri:0, instance:qaproject.tests.LoginTest@441772e]" started-at="2026-07-03T20:13:32 GMT+06:00" name="logintest" finished-at="2026-07-03T20:13:32 GMT+06:00" depends-on-methods="qaproject.tests.LoginTest.checkLoginPageTitle" duration-ms="329" status="PASS">
          <reporter-output>
          </reporter-output>
        </test-method> <!-- logintest -->
      </class> <!-- qaproject.tests.LoginTest -->
      <class name="qaproject.tests.DisablePasswordPopup">
        <test-method signature="disablepopup()[pri:0, instance:qaproject.tests.DisablePasswordPopup@62150f9e]" started-at="2026-07-03T20:13:32 GMT+06:00" name="disablepopup" description="DisablePasswordPopup" finished-at="2026-07-03T20:13:34 GMT+06:00" depends-on-methods="cartcheckoutTest" duration-ms="1393" status="PASS">
          <reporter-output>
          </reporter-output>
        </test-method> <!-- disablepopup -->
      </class> <!-- qaproject.tests.DisablePasswordPopup -->
      <class name="qaproject.tests.CartCheckoutTest">
        <test-method signature="checkCartPageLanding()[pri:0, instance:qaproject.tests.CartCheckoutTest@6c80d78a]" started-at="2026-07-03T20:13:32 GMT+06:00" name="checkCartPageLanding" description="Check Cart Page Landing" finished-at="2026-07-03T20:13:32 GMT+06:00" depends-on-methods="checkItemsSelectionPageLanding" duration-ms="14" status="PASS">
          <reporter-output>
          </reporter-output>
        </test-method> <!-- checkCartPageLanding -->
        <test-method signature="cartcheckoutTest()[pri:0, instance:qaproject.tests.CartCheckoutTest@6c80d78a]" started-at="2026-07-03T20:13:32 GMT+06:00" name="cartcheckoutTest" description="Click Checkout Button" finished-at="2026-07-03T20:13:32 GMT+06:00" depends-on-methods="qaproject.tests.CartCheckoutTest.checkCartPageLanding" duration-ms="266" status="PASS">
          <reporter-output>
          </reporter-output>
        </test-method> <!-- cartcheckoutTest -->
      </class> <!-- qaproject.tests.CartCheckoutTest -->
      <class name="qaproject.tests.SelectItemsForCheckoutTest">
        <test-method signature="checkItemsSelectionPageLanding()[pri:0, instance:qaproject.tests.SelectItemsForCheckoutTest@52e6fdee]" started-at="2026-07-03T20:13:32 GMT+06:00" name="checkItemsSelectionPageLanding" description="Select items for checkout" finished-at="2026-07-03T20:13:32 GMT+06:00" depends-on-methods="logintest" duration-ms="133" status="PASS">
          <reporter-output>
          </reporter-output>
        </test-method> <!-- checkItemsSelectionPageLanding -->
      </class> <!-- qaproject.tests.SelectItemsForCheckoutTest -->
    </test> <!-- Functional Login Tests -->
  </suite> <!-- Test Suite -->
</testng-results>
