<?xml version="1.0" encoding="UTF-8"?>
<testng-results ignored="0" total="6" passed="6" failed="0" skipped="0">
  <reporter-output>
  </reporter-output>
  <suite started-at="2026-07-02T13:20:58 GMT+06:00" name="Test Suite" finished-at="2026-07-02T13:21:04 GMT+06:00" duration-ms="5710">
    <groups>
    </groups>
    <test started-at="2026-07-02T13:20:58 GMT+06:00" name="Functional Login Tests" finished-at="2026-07-02T13:21:04 GMT+06:00" duration-ms="5710">
      <class name="qaproject.tests.LoginTest">
        <test-method signature="checkLoginPageTitle()[pri:0, instance:qaproject.tests.LoginTest@3d51f06e]" started-at="2026-07-02T13:20:58 GMT+06:00" name="checkLoginPageTitle" finished-at="2026-07-02T13:21:01 GMT+06:00" duration-ms="3636" status="PASS">
          <reporter-output>
          </reporter-output>
        </test-method> <!-- checkLoginPageTitle -->
        <test-method signature="logintest()[pri:0, instance:qaproject.tests.LoginTest@3d51f06e]" started-at="2026-07-02T13:21:01 GMT+06:00" name="logintest" finished-at="2026-07-02T13:21:02 GMT+06:00" depends-on-methods="qaproject.tests.LoginTest.checkLoginPageTitle" duration-ms="378" status="PASS">
          <reporter-output>
          </reporter-output>
        </test-method> <!-- logintest -->
      </class> <!-- qaproject.tests.LoginTest -->
      <class name="qaproject.tests.DisablePasswordPopup">
        <test-method signature="disablepopup()[pri:0, instance:qaproject.tests.DisablePasswordPopup@c33b74f]" started-at="2026-07-02T13:21:02 GMT+06:00" name="disablepopup" description="DisablePasswordPopup" finished-at="2026-07-02T13:21:04 GMT+06:00" depends-on-methods="cartcheckoutTest" duration-ms="1261" status="PASS">
          <reporter-output>
          </reporter-output>
        </test-method> <!-- disablepopup -->
      </class> <!-- qaproject.tests.DisablePasswordPopup -->
      <class name="qaproject.tests.CartCheckoutTest">
        <test-method signature="checkCartPageLanding()[pri:0, instance:qaproject.tests.CartCheckoutTest@35ef1869]" started-at="2026-07-02T13:21:02 GMT+06:00" name="checkCartPageLanding" description="Check Cart Page Landing" finished-at="2026-07-02T13:21:02 GMT+06:00" depends-on-methods="checkItemsSelectionPageLanding" duration-ms="8" status="PASS">
          <reporter-output>
          </reporter-output>
        </test-method> <!-- checkCartPageLanding -->
        <test-method signature="cartcheckoutTest()[pri:0, instance:qaproject.tests.CartCheckoutTest@35ef1869]" started-at="2026-07-02T13:21:02 GMT+06:00" name="cartcheckoutTest" description="Click Checkout Button" finished-at="2026-07-02T13:21:02 GMT+06:00" depends-on-methods="qaproject.tests.CartCheckoutTest.checkCartPageLanding" duration-ms="262" status="PASS">
          <reporter-output>
          </reporter-output>
        </test-method> <!-- cartcheckoutTest -->
      </class> <!-- qaproject.tests.CartCheckoutTest -->
      <class name="qaproject.tests.SelectItemsForCheckoutTest">
        <test-method signature="checkItemsSelectionPageLanding()[pri:0, instance:qaproject.tests.SelectItemsForCheckoutTest@3c407114]" started-at="2026-07-02T13:21:02 GMT+06:00" name="checkItemsSelectionPageLanding" description="Select items for checkout" finished-at="2026-07-02T13:21:02 GMT+06:00" depends-on-methods="logintest" duration-ms="128" status="PASS">
          <reporter-output>
          </reporter-output>
        </test-method> <!-- checkItemsSelectionPageLanding -->
      </class> <!-- qaproject.tests.SelectItemsForCheckoutTest -->
    </test> <!-- Functional Login Tests -->
  </suite> <!-- Test Suite -->
</testng-results>
