<?xml version="1.0" encoding="UTF-8"?>
<!-- Generated by org.testng.reporters.JUnitReportReporter -->
<testsuite hostname="Mds-MacBook-Pro.local" failures="0" tests="2" name="qaproject.tests.CartCheckoutTest" time="0.229" errors="0" timestamp="2026-07-04T12:41:19 GMT+06:00" skipped="0">
  <testcase classname="qaproject.tests.CartCheckoutTest" name="cartcheckoutTest" time="0.223"/>
  <testcase classname="qaproject.tests.CartCheckoutTest" name="checkCartPageLanding" time="0.006"/>
</testsuite> <!-- qaproject.tests.CartCheckoutTest -->
