<?xml version="1.0" encoding="UTF-8"?>
<!-- Generated by org.testng.reporters.JUnitReportReporter -->
<testsuite hostname="Mds-MacBook-Pro.local" failures="0" tests="2" name="qaproject.tests.LoginTest" time="4.014" errors="0" timestamp="2026-07-02T13:21:04 GMT+06:00" skipped="0">
  <testcase classname="qaproject.tests.LoginTest" name="logintest" time="0.378"/>
  <testcase classname="qaproject.tests.LoginTest" name="checkLoginPageTitle" time="3.636"/>
</testsuite> <!-- qaproject.tests.LoginTest -->
