<?xml version="1.0" encoding="UTF-8"?>
<!-- Generated by org.testng.reporters.JUnitReportReporter -->
<testsuite hostname="Mds-MacBook-Pro.local" failures="0" tests="2" name="qaproject.tests.CartCheckoutTest" time="0.280" errors="0" timestamp="2026-07-03T20:13:34 GMT+06:00" skipped="0">
  <testcase classname="qaproject.tests.CartCheckoutTest" name="checkCartPageLanding" time="0.014"/>
  <testcase classname="qaproject.tests.CartCheckoutTest" name="cartcheckoutTest" time="0.266"/>
</testsuite> <!-- qaproject.tests.CartCheckoutTest -->
