<?xml version="1.0" encoding="UTF-8"?>
<!-- Generated by org.testng.reporters.JUnitReportReporter -->
<testsuite hostname="Mds-MacBook-Pro.local" failures="0" tests="2" name="qaproject.tests.LoginTest" time="3.441" errors="0" timestamp="2026-07-04T12:55:39 GMT+06:00" skipped="0">
  <testcase classname="qaproject.tests.LoginTest" name="checkLoginPageTitle" time="3.159"/>
  <testcase classname="qaproject.tests.LoginTest" name="logintest" time="0.282"/>
</testsuite> <!-- qaproject.tests.LoginTest -->
